C51 COMPILER V9.00   MCU_CS                                                                03/26/2019 14:57:29 PAGE 1   


C51 COMPILER V9.00, COMPILATION OF MODULE MCU_CS
OBJECT MODULE PLACED IN MCU_CS.OBJ
COMPILER INVOKED BY: C:\Keil\C51\BIN\c51.exe MCU_CS.c DB OE BR INCDIR(C:\SiLabs\MCU\Inc)

line level    source

   1                                                                                                                    
             -                                                                                                                        
             -                                                                                                                        
             -                                                                                                                        
             -                                                                                                                        
             -                                                                                                                        
             -                                                                                                                        
             -                                                                                                                        
             -                                                                                                                        
             -                                                                                                                        
             -                                                                                                                        
             -                                                                                                                        
             -                                                                                                                        
             -                                                                                                                        
             -                                                                                                                        
             -                                                                                                                        
             -                                                                                                                        
             -                      
   2                                                                                                                    
             -                                                                                                                        
             -                                                                                                                        
             -                                                                                                                        
             -                                                                                                                        
             -                                                                                                                        
             -                                                                                                                        
             -                                                                                                                        
             -                                                                                                                        
             -                                                                                                                        
             -                                                                                                                        
             -                                                                                                                        
             -                                                                                                                        
             -                                                                                                                        
             -                                                                                                                        
             -                                                                                                                        
             -                                                                                                                        
             -                      
   3                                                                                                                    
             -                                                                                                                        
             -                                                                                                                        
             -                                                                                                                        
             -                                                                                                                        
             -                                                                                                                        
             -                                                                                                                        
             -                                                                                                                        
             -                                                                                                                        
             -                                                                                                                        
             -                                                                                                                        
             -                                                                                                                        
             -                                                                                                                        
             -                                                                                                                        
             -                                                                                                                        
             -                                                                                                                        
             -                                                                                                                        
             -                      
   4                                                                                                                    
C51 COMPILER V9.00   MCU_CS                                                                03/26/2019 14:57:29 PAGE 2   

             -                                                                                                                        
             -                                                                                                                        
             -                                                                                                                        
             -                                                                                                                        
             -                                                                                                                        
             -                                                                                                                        
             -                                                                                                                        
             -                                                                                                                        
             -                                                                                                                        
             -                                                                                                                        
             -                                                                                                                        
             -                                                                                                                        
             -                                                                                                                        
             -                                                                                                                        
             -                                                                                                                        
             -                                                                                                                        
             -                      
   5                                                                                                                    
             -                                                                                                                        
             -                                                                                                                        
             -                                                                                                                        
             -                                                                                                                        
             -                                                                                                                        
             -                                                                                                                        
             -                                                                                                                        
             -                                                                                                                        
             -                                                                                                                        
             -                                                                                                                        
             -                                                                                                                        
             -                                                                                                                        
             -                                                                                                                        
             -                                                                                                                        
             -                                                                                                                        
             -                                                                                                                        
             -                      
   6                                                                                                                    
             -                                                                                                                        
             -                                                                                                                        
             -                                                                                                                        
             -                                                                                                                        
             -                                                                                                                        
             -                                                                                                                        
             -                                                                                                                        
             -                                                                                                                        
             -                                                                                                                        
             -                                                                                                                        
             -                                                                                                                        
             -                                                                                                                        
             -                                                                                                                        
             -                                                                                                                        
             -                                                                                                                        
             -                                                                                                                        
             -                      
   7                                                                                                                    
             -                                                                                                                        
             -                                                             
   8          
   9          #include "C8051F020.h"
  10          #include "absacc.h"
  11          #include "data_define.c"
  12          #define    CS0  XBYTE[0x0000]
  13          #define    CS1  XBYTE[0x2000]
C51 COMPILER V9.00   MCU_CS                                                                03/26/2019 14:57:29 PAGE 3   

  14          #define    CS2  XBYTE[0x4000]
  15          #define    CS3  XBYTE[0x6000]
  16          #define    CS4  XBYTE[0x8000]
  17          #define    CS5  XBYTE[0xA000]
  18          #include "Init_Device.c"
  19          void delay(unsigned int x)
  20          { 
  21   1        unsigned long i;
  22   1              for(i=0;i<1000*x;++i) i=i; 
  23   1      }
  24          void main(void)
  25          { 
  26   1              unsigned char a;
  27   1              Init_Device();
  28   1              while(1)  
  29   1        {
  30   2                      a=CS0;
  31   2                      CS0=0;
  32   2                      CS1=0;
  33   2                      CS0=a;
  34   2                      }
  35   1                      //XBYTE[0x0000]=0;}
  36   1                      //a=CS3;}
  37   1      }


MODULE INFORMATION:   STATIC OVERLAYABLE
   CODE SIZE        =    209    ----
   CONSTANT SIZE    =   ----    ----
   XDATA SIZE       =   ----    ----
   PDATA SIZE       =   ----    ----
   DATA SIZE        =   ----       6
   IDATA SIZE       =   ----    ----
   BIT SIZE         =   ----    ----
END OF MODULE INFORMATION.


C51 COMPILATION COMPLETE.  0 WARNING(S),  0 ERROR(S)
