C51 COMPILER V9.00   ZZZ2                                                                  11/27/2018 14:35:25 PAGE 1   


C51 COMPILER V9.00, COMPILATION OF MODULE ZZZ2
OBJECT MODULE PLACED IN zzz2.OBJ
COMPILER INVOKED BY: C:\Keil\C51\BIN\c51.exe zzz2.c DB OE BR INCDIR(C:\SiLabs\MCU\Inc)

line level    source

   1          #include "C8051F020.h"
   2          #include "absacc.h"
   3          #include "data_define.c"
   4          #define   CS1      XBYTE[0x2000]
   5          sbit    LED1=P1^0;
   6          sbit    LED2=P1^1;
   7          sbit    LED3=P1^2;
   8          sbit    LED4=P1^3;
   9          sfr16 TMR3RL = 0x92;
  10          sfr16 TMR3 = 0x94;
  11          #include "Init_Device.c"
  12          unsigned char num[]={0xC0,0xF9,0xA4,0xB0,0x99,0x92,0x82,0xF8,0x80,0x90,0x7f};
  13          unsigned char i=0;
  14          unsigned char x1,x2,x3,x4;
  15          void delay(unsigned int x);
  16          void Timer3_Init (int counts);
  17          void display(unsigned char x,unsigned char y);
  18          void main(void)
  19          {  
  20   1              unsigned char a;
  21   1              unsigned int b;
  22   1                      unsigned  char r_state,temp,x,c,cc;
  23   1                      unsigned char l_val=0,r_val=0;
  24   1          int key=0,conter=0;
  25   1              Init_Device();
  26   1              Timer3_Init(50);
  27   1              EA=1;
  28   1              LED1=1;
  29   1              LED2=1;
  30   1              LED3=0;
  31   1              LED4=1;
  32   1      
  33   1              while(1)
  34   1              {
  35   2                      for(x=1;x<5;x++)
  36   2                      {
  37   3                              c=0;
  38   3                              switch(x)
  39   3                              {
  40   4                                      case 1:
  41   4                                              c=XBYTE[0x0000];
  42   4                                              break;
  43   4                                      case 2:
  44   4                                              c=XBYTE[0x0100];
  45   4                                              break;
  46   4                                      case 3:
  47   4                                              c=XBYTE[0x0800];
  48   4                                              break;
  49   4                                      case 4:
  50   4                                              c=XBYTE[0x0900];
  51   4                                              break;
  52   4                                      default:
  53   4                                              c=0;
  54   4                                              break;
  55   4                              }
C51 COMPILER V9.00   ZZZ2                                                                  11/27/2018 14:35:25 PAGE 2   

  56   3                              if(r_state=~c&0x1F)
  57   3            {
  58   4                                                      for(conter=1,temp=0x01;conter<6;++conter,temp=temp<<1)
  59   4                                                              {
  60   5                              if((r_state&temp)!=0)  
  61   5                              {
  62   6                                                                                      x4=conter;
  63   6                              x3=x;
  64   6                                                                                      //display(r_val,l_val);
  65   6                                                                              }
  66   5                                                              }
  67   4            }
  68   3                      }
  69   2              }
  70   1      }
*** WARNING C280 IN LINE 20 OF ZZZ2.C: 'a': unreferenced local variable
*** WARNING C280 IN LINE 21 OF ZZZ2.C: 'b': unreferenced local variable
*** WARNING C280 IN LINE 22 OF ZZZ2.C: 'cc': unreferenced local variable
  71          void delay(unsigned int x)
  72          { 
  73   1        unsigned long i;
  74   1              for(i=0;i<x;++i) i=i; 
  75   1      }
  76          void Timer3_Init (int counts)
  77          {       
  78   1              TMR3CN = 0x00;
  79   1              TMR3RL = -counts;
  80   1              TMR3 = 0xFFFF;
  81   1              EIE2 |= 0x01;
  82   1              TMR3CN |= 0x04;
  83   1      }
  84          void Timer3_ISR (void) interrupt 14
  85          {
  86   1              TMR3CN &= ~(0x80);
  87   1              i++;
  88   1              if(i==5)i=0;
  89   1              switch(i)
  90   1              {
  91   2                      case 1:
  92   2                              LED1=1;
  93   2                              LED2=1;
  94   2                              LED3=1;
  95   2                              LED4=1;
  96   2                              P3=num[x1];
  97   2                              LED1=1;//
  98   2                              LED2=1;
  99   2                              LED3=1;
 100   2                              LED4=1;
 101   2                              break;  
 102   2                      case 2:
 103   2                              LED1=1;
 104   2                              LED2=1;
 105   2                              LED3=1;
 106   2                              LED4=1;
 107   2                              P3=(num[x2]& 0x7F);
 108   2                              LED1=1;
 109   2                              LED2=1;//
 110   2                              LED3=1;
 111   2                              LED4=1;
 112   2                              break;  
 113   2                      case 3:
 114   2                              LED1=1;
C51 COMPILER V9.00   ZZZ2                                                                  11/27/2018 14:35:25 PAGE 3   

 115   2                              LED2=1;
 116   2                              LED3=1;
 117   2                              LED4=1;
 118   2                              P3=num[x3] ;
 119   2                              LED1=1;
 120   2                              LED2=1;
 121   2                              LED3=0;
 122   2                              LED4=1;
 123   2                              break;                  
 124   2                      case 4:
 125   2                              LED1=1;
 126   2                              LED2=1;
 127   2                              LED3=1;
 128   2                              LED4=1;
 129   2                              P3=num[x4];
 130   2                              LED1=1;
 131   2                              LED2=1;
 132   2                              LED3=1;
 133   2                              LED4=0;
 134   2                              break;
 135   2                      default:
 136   2                              LED1=1;
 137   2                              LED2=1;
 138   2                              LED3=1;
 139   2                              LED4=1;
 140   2                              break;          
 141   2              }
 142   1      }
 143          void display(unsigned char x,unsigned char y)
 144          {
 145   1                      x4=x;
 146   1                      x3=y;
 147   1      }


MODULE INFORMATION:   STATIC OVERLAYABLE
   CODE SIZE        =    491    ----
   CONSTANT SIZE    =   ----    ----
   XDATA SIZE       =   ----    ----
   PDATA SIZE       =   ----    ----
   DATA SIZE        =     16      14
   IDATA SIZE       =   ----    ----
   BIT SIZE         =   ----    ----
END OF MODULE INFORMATION.


C51 COMPILATION COMPLETE.  3 WARNING(S),  0 ERROR(S)
